2025-10-14 00:35:05.044 [info] ComputeTargetPlatform: linux-x64
2025-10-14 00:35:07.013 [info] ComputeTargetPlatform: linux-x64
2025-10-14 00:35:09.208 [info] Getting Manifest... devsense.composer-php-vscode
2025-10-14 00:35:09.209 [info] Getting Manifest... devsense.phptools-vscode
2025-10-14 00:35:09.210 [info] Getting Manifest... devsense.profiler-php-vscode
2025-10-14 00:35:09.215 [info] Getting Manifest... ms-dotnettools.csharp
2025-10-14 00:35:09.215 [info] Getting Manifest... ms-python.debugpy
2025-10-14 00:35:09.216 [info] Getting Manifest... ms-python.python
2025-10-14 00:35:09.216 [info] Getting Manifest... ms-vscode.cpptools
2025-10-14 00:35:09.299 [info] Installing extension: devsense.composer-php-vscode {"productVersion":{"version":"1.100.3","date":"2025-07-19T16:51:29.935Z"},"pinned":false,"operation":3,"isApplicationScoped":false,"profileLocation":{"$mid":1,"external":"vscode-userdata:/home/william/.vscode-oss/extensions/extensions.json","path":"/home/william/.vscode-oss/extensions/extensions.json","scheme":"vscode-userdata"}}
2025-10-14 00:35:09.301 [info] Installing extension: ms-python.debugpy {"productVersion":{"version":"1.100.3","date":"2025-07-19T16:51:29.935Z"},"pinned":false,"operation":3,"isApplicationScoped":false,"profileLocation":{"$mid":1,"external":"vscode-userdata:/home/william/.vscode-oss/extensions/extensions.json","path":"/home/william/.vscode-oss/extensions/extensions.json","scheme":"vscode-userdata"}}
2025-10-14 00:35:09.302 [info] Installing extension: devsense.profiler-php-vscode {"productVersion":{"version":"1.100.3","date":"2025-07-19T16:51:29.935Z"},"pinned":false,"operation":3,"isApplicationScoped":false,"profileLocation":{"$mid":1,"external":"vscode-userdata:/home/william/.vscode-oss/extensions/extensions.json","path":"/home/william/.vscode-oss/extensions/extensions.json","scheme":"vscode-userdata"}}
2025-10-14 00:35:09.305 [info] Installing extension: devsense.phptools-vscode {"productVersion":{"version":"1.100.3","date":"2025-07-19T16:51:29.935Z"},"pinned":false,"operation":3,"isApplicationScoped":false,"profileLocation":{"$mid":1,"external":"vscode-userdata:/home/william/.vscode-oss/extensions/extensions.json","path":"/home/william/.vscode-oss/extensions/extensions.json","scheme":"vscode-userdata"}}
2025-10-14 00:35:09.305 [info] Installing extension: ms-python.python {"productVersion":{"version":"1.100.3","date":"2025-07-19T16:51:29.935Z"},"pinned":false,"operation":3,"isApplicationScoped":false,"profileLocation":{"$mid":1,"external":"vscode-userdata:/home/william/.vscode-oss/extensions/extensions.json","path":"/home/william/.vscode-oss/extensions/extensions.json","scheme":"vscode-userdata"}}
2025-10-14 00:35:09.307 [info] Installing extension: ms-dotnettools.csharp {"productVersion":{"version":"1.100.3","date":"2025-07-19T16:51:29.935Z"},"pinned":false,"operation":3,"isApplicationScoped":false,"profileLocation":{"$mid":1,"external":"vscode-userdata:/home/william/.vscode-oss/extensions/extensions.json","path":"/home/william/.vscode-oss/extensions/extensions.json","scheme":"vscode-userdata"}}
2025-10-14 00:35:09.309 [info] Installing extension: ms-vscode.cpptools {"productVersion":{"version":"1.100.3","date":"2025-07-19T16:51:29.935Z"},"pinned":false,"operation":3,"isApplicationScoped":false,"profileLocation":{"$mid":1,"external":"vscode-userdata:/home/william/.vscode-oss/extensions/extensions.json","path":"/home/william/.vscode-oss/extensions/extensions.json","scheme":"vscode-userdata"}}
2025-10-14 00:35:09.405 [info] Getting Manifest... devsense.composer-php-vscode
2025-10-14 00:35:09.416 [info] Getting Manifest... devsense.profiler-php-vscode
2025-10-14 00:35:09.428 [info] Getting Manifest... devsense.intelli-php-vscode
2025-10-14 00:35:09.529 [error] Could not load vsce-sign module Cannot find package '@vscode/vsce-sign' imported from /usr/lib/code-oss/resources/app/out/vs/code/electron-utility/sharedProcess/sharedProcessMain.js
2025-10-14 00:35:09.529 [info] Extension signature verification is not done: devsense.profiler-php-vscode
2025-10-14 00:35:09.529 [error] Could not load vsce-sign module Cannot find package '@vscode/vsce-sign' imported from /usr/lib/code-oss/resources/app/out/vs/code/electron-utility/sharedProcess/sharedProcessMain.js
2025-10-14 00:35:09.529 [info] Extension signature verification is not done: devsense.composer-php-vscode
2025-10-14 00:35:09.531 [info] Getting Manifest... ms-dotnettools.vscode-dotnet-runtime
2025-10-14 00:35:09.533 [error] Error while installing the extension devsense.profiler-php-vscode Signature verification was not executed. vscode-userdata:/home/william/.vscode-oss/extensions/extensions.json
2025-10-14 00:35:09.535 [error] [uncaught exception in sharedProcess]: Signature verification was not executed.: SignatureVerificationInternal: Signature verification was not executed.
    at yh.xb (file:///usr/lib/code-oss/resources/app/out/vs/code/electron-utility/sharedProcess/sharedProcessMain.js:74:63971)
    at async yh.wb (file:///usr/lib/code-oss/resources/app/out/vs/code/electron-utility/sharedProcess/sharedProcessMain.js:74:62886)
2025-10-14 00:35:09.535 [error] Error while installing the extension devsense.composer-php-vscode Signature verification was not executed. vscode-userdata:/home/william/.vscode-oss/extensions/extensions.json
2025-10-14 00:35:09.535 [error] [uncaught exception in sharedProcess]: Signature verification was not executed.: SignatureVerificationInternal: Signature verification was not executed.
    at yh.xb (file:///usr/lib/code-oss/resources/app/out/vs/code/electron-utility/sharedProcess/sharedProcessMain.js:74:63971)
    at async yh.wb (file:///usr/lib/code-oss/resources/app/out/vs/code/electron-utility/sharedProcess/sharedProcessMain.js:74:62886)
