10/24/2025, 5:11:56 PM EDT 0: 

----------------------------------------------
10/24/2025, 5:11:56 PM EDT 1: Discord starting: {"releaseChannel":"stable","version":"0.0.109"}, modulepath: /home/william/.config/discord/0.0.109/modules
10/24/2025, 5:11:56 PM EDT 2: ✅ webContents.created web1 ""
10/24/2025, 5:11:56 PM EDT 3: ✅ window.created win1 "discord"
10/24/2025, 5:11:56 PM EDT 4: ✅ webContents.did-finish-load web1
10/24/2025, 5:12:02 PM EDT 5: before-quit
10/24/2025, 5:12:02 PM EDT 6: window.close win1
10/24/2025, 5:13:47 PM EDT 0: 

----------------------------------------------
10/24/2025, 5:13:47 PM EDT 1: Discord starting: {"releaseChannel":"stable","version":"0.0.109"}, modulepath: /home/william/.config/discord/0.0.109/modules
10/24/2025, 5:13:47 PM EDT 2: ✅ webContents.created web1 ""
10/24/2025, 5:13:47 PM EDT 3: ✅ window.created win1 "discord"
10/24/2025, 5:13:48 PM EDT 4: ✅ webContents.did-finish-load web1
10/24/2025, 5:13:54 PM EDT 5: window.close win1
10/24/2025, 5:13:54 PM EDT 6: webContents.destroyed web1
10/24/2025, 5:14:24 PM EDT 0: 

----------------------------------------------
10/24/2025, 5:14:24 PM EDT 1: Discord starting: {"releaseChannel":"stable","version":"0.0.109"}, modulepath: /home/william/.config/discord/0.0.109/modules
10/24/2025, 5:14:24 PM EDT 2: ✅ webContents.created web1 ""
10/24/2025, 5:14:24 PM EDT 3: ✅ window.created win1 "discord"
10/24/2025, 5:14:24 PM EDT 4: ✅ webContents.did-finish-load web1
10/24/2025, 5:14:31 PM EDT 5: window.close win1
