10/24/2025, 5:11:55 PM EDT [Modules] Modules initializing
10/24/2025, 5:11:56 PM EDT [Modules] Distribution: remote
10/24/2025, 5:11:56 PM EDT [Modules] Host updates: enabled
10/24/2025, 5:11:56 PM EDT [Modules] Module updates: enabled
10/24/2025, 5:11:56 PM EDT [Modules] Module install path: /home/william/.config/discord/0.0.109/modules
10/24/2025, 5:11:56 PM EDT [Modules] Module installed file path: /home/william/.config/discord/0.0.109/modules/installed.json
10/24/2025, 5:11:56 PM EDT [Modules] Module download path: /home/william/.config/discord/0.0.109/modules/pending
10/24/2025, 5:11:56 PM EDT [Modules] Bootstrapping...
10/24/2025, 5:11:56 PM EDT [Modules] Installing discord_desktop_core@0 from /usr/lib/discord/resources/bootstrap/discord_desktop_core.zip
10/24/2025, 5:11:56 PM EDT [Modules] Failed installing discord_desktop_core@0: Error: ENOENT: no such file or directory, open '/usr/lib/discord/resources/bootstrap/discord_desktop_core.zip'
10/24/2025, 5:11:56 PM EDT [Modules] Installing discord_erlpack@0 from /usr/lib/discord/resources/bootstrap/discord_erlpack.zip
10/24/2025, 5:11:56 PM EDT [Modules] Failed installing discord_erlpack@0: Error: ENOENT: no such file or directory, open '/usr/lib/discord/resources/bootstrap/discord_erlpack.zip'
10/24/2025, 5:11:56 PM EDT [Modules] Installing discord_spellcheck@0 from /usr/lib/discord/resources/bootstrap/discord_spellcheck.zip
10/24/2025, 5:11:56 PM EDT [Modules] Failed installing discord_spellcheck@0: Error: ENOENT: no such file or directory, open '/usr/lib/discord/resources/bootstrap/discord_spellcheck.zip'
10/24/2025, 5:11:56 PM EDT [Modules] Installing discord_utils@0 from /usr/lib/discord/resources/bootstrap/discord_utils.zip
10/24/2025, 5:11:56 PM EDT [Modules] Failed installing discord_utils@0: Error: ENOENT: no such file or directory, open '/usr/lib/discord/resources/bootstrap/discord_utils.zip'
10/24/2025, 5:11:56 PM EDT [Modules] Installing discord_voice@0 from /usr/lib/discord/resources/bootstrap/discord_voice.zip
10/24/2025, 5:11:56 PM EDT [Modules] Failed installing discord_voice@0: Error: ENOENT: no such file or directory, open '/usr/lib/discord/resources/bootstrap/discord_voice.zip'
10/24/2025, 5:11:56 PM EDT [Modules] Installing discord_zstd@0 from /usr/lib/discord/resources/bootstrap/discord_zstd.zip
10/24/2025, 5:11:56 PM EDT [Modules] Failed installing discord_zstd@0: Error: ENOENT: no such file or directory, open '/usr/lib/discord/resources/bootstrap/discord_zstd.zip'
10/24/2025, 5:11:56 PM EDT [Modules] Finished module installations. [success: 0] [failure: 6]
10/24/2025, 5:11:56 PM EDT [Modules] Checking for host updates.
10/24/2025, 5:11:56 PM EDT [Modules] Host update is available. Manual update required!
10/24/2025, 5:13:47 PM EDT [Modules] Modules initializing
10/24/2025, 5:13:47 PM EDT [Modules] Distribution: remote
10/24/2025, 5:13:47 PM EDT [Modules] Host updates: enabled
10/24/2025, 5:13:47 PM EDT [Modules] Module updates: enabled
10/24/2025, 5:13:47 PM EDT [Modules] Module install path: /home/william/.config/discord/0.0.109/modules
10/24/2025, 5:13:47 PM EDT [Modules] Module installed file path: /home/william/.config/discord/0.0.109/modules/installed.json
10/24/2025, 5:13:47 PM EDT [Modules] Module download path: /home/william/.config/discord/0.0.109/modules/pending
10/24/2025, 5:13:47 PM EDT [Modules] No updates to install
10/24/2025, 5:13:47 PM EDT [Modules] Checking for host updates.
10/24/2025, 5:13:48 PM EDT [Modules] Host update is available. Manual update required!
10/24/2025, 5:14:24 PM EDT [Modules] Modules initializing
10/24/2025, 5:14:24 PM EDT [Modules] Distribution: remote
10/24/2025, 5:14:24 PM EDT [Modules] Host updates: enabled
10/24/2025, 5:14:24 PM EDT [Modules] Module updates: enabled
10/24/2025, 5:14:24 PM EDT [Modules] Module install path: /home/william/.config/discord/0.0.109/modules
10/24/2025, 5:14:24 PM EDT [Modules] Module installed file path: /home/william/.config/discord/0.0.109/modules/installed.json
10/24/2025, 5:14:24 PM EDT [Modules] Module download path: /home/william/.config/discord/0.0.109/modules/pending
10/24/2025, 5:14:24 PM EDT [Modules] No updates to install
10/24/2025, 5:14:24 PM EDT [Modules] Checking for host updates.
10/24/2025, 5:14:25 PM EDT [Modules] Host update is available. Manual update required!
