[2025-10-24 17:11:56.431] [info]  DiscordSplash.signalReady
[2025-10-24 17:11:56.728] [info]  DiscordSplash.onStateUpdate: {"status":"installing-updates","current":1,"total":6}
[2025-10-24 17:11:56.730] [info]  Splash.onStateUpdate: {"status":"installing-updates","current":1,"total":6}
[2025-10-24 17:11:56.733] [info]  DiscordSplash.onStateUpdate: {"status":"installing-updates","current":2,"total":6}
[2025-10-24 17:11:56.733] [info]  Splash.onStateUpdate: {"status":"installing-updates","current":2,"total":6}
[2025-10-24 17:11:56.735] [info]  DiscordSplash.onStateUpdate: {"status":"installing-updates","current":3,"total":6}
[2025-10-24 17:11:56.735] [info]  Splash.onStateUpdate: {"status":"installing-updates","current":3,"total":6}
[2025-10-24 17:11:56.736] [info]  DiscordSplash.onStateUpdate: {"status":"installing-updates","current":4,"total":6}
[2025-10-24 17:11:56.736] [info]  Splash.onStateUpdate: {"status":"installing-updates","current":4,"total":6}
[2025-10-24 17:11:56.737] [info]  DiscordSplash.onStateUpdate: {"status":"installing-updates","current":5,"total":6}
[2025-10-24 17:11:56.737] [info]  Splash.onStateUpdate: {"status":"installing-updates","current":5,"total":6}
[2025-10-24 17:11:56.738] [info]  DiscordSplash.onStateUpdate: {"status":"installing-updates","current":6,"total":6}
[2025-10-24 17:11:56.738] [info]  Splash.onStateUpdate: {"status":"installing-updates","current":6,"total":6}
[2025-10-24 17:11:56.739] [info]  DiscordSplash.onStateUpdate: {"status":"checking-for-updates","current":6,"total":6}
[2025-10-24 17:11:56.739] [info]  Splash.onStateUpdate: {"status":"checking-for-updates","current":6,"total":6}
[2025-10-24 17:11:56.833] [info]  DiscordSplash.onStateUpdate: {"status":"update-manually","current":6,"total":6,"newVersion":"0.0.112"}
[2025-10-24 17:11:56.834] [info]  Splash.onStateUpdate: {"status":"update-manually","current":6,"total":6,"newVersion":"0.0.112"}
[2025-10-24 17:11:57.430] [info]  Splash.updateCountdownSeconds: undefined
[2025-10-24 17:11:58.430] [info]  Splash.updateCountdownSeconds: undefined
[2025-10-24 17:11:59.430] [info]  Splash.updateCountdownSeconds: undefined
[2025-10-24 17:12:00.430] [info]  Splash.updateCountdownSeconds: undefined
[2025-10-24 17:12:01.430] [info]  Splash.updateCountdownSeconds: undefined
[2025-10-24 17:12:02.430] [info]  Splash.updateCountdownSeconds: undefined
[2025-10-24 17:13:47.909] [info]  DiscordSplash.signalReady
[2025-10-24 17:13:48.151] [info]  DiscordSplash.onStateUpdate: {"status":"checking-for-updates"}
[2025-10-24 17:13:48.152] [info]  Splash.onStateUpdate: {"status":"checking-for-updates"}
[2025-10-24 17:13:48.154] [info]  DiscordSplash.onStateUpdate: {"status":"update-manually","newVersion":"0.0.112"}
[2025-10-24 17:13:48.155] [info]  Splash.onStateUpdate: {"status":"update-manually","newVersion":"0.0.112"}
[2025-10-24 17:13:48.908] [info]  Splash.updateCountdownSeconds: undefined
[2025-10-24 17:13:49.908] [info]  Splash.updateCountdownSeconds: undefined
[2025-10-24 17:13:50.908] [info]  Splash.updateCountdownSeconds: undefined
[2025-10-24 17:13:51.908] [info]  Splash.updateCountdownSeconds: undefined
[2025-10-24 17:13:52.908] [info]  Splash.updateCountdownSeconds: undefined
[2025-10-24 17:13:53.908] [info]  Splash.updateCountdownSeconds: undefined
[2025-10-24 17:14:24.577] [info]  DiscordSplash.signalReady
[2025-10-24 17:14:24.823] [info]  DiscordSplash.onStateUpdate: {"status":"checking-for-updates"}
[2025-10-24 17:14:24.823] [info]  Splash.onStateUpdate: {"status":"checking-for-updates"}
[2025-10-24 17:14:25.419] [info]  DiscordSplash.onStateUpdate: {"status":"update-manually","newVersion":"0.0.112"}
[2025-10-24 17:14:25.420] [info]  Splash.onStateUpdate: {"status":"update-manually","newVersion":"0.0.112"}
[2025-10-24 17:14:25.605] [info]  Splash.updateCountdownSeconds: undefined
[2025-10-24 17:14:26.576] [info]  Splash.updateCountdownSeconds: undefined
[2025-10-24 17:14:27.576] [info]  Splash.updateCountdownSeconds: undefined
[2025-10-24 17:14:28.576] [info]  Splash.updateCountdownSeconds: undefined
[2025-10-24 17:14:29.577] [info]  Splash.updateCountdownSeconds: undefined
[2025-10-24 17:14:30.576] [info]  Splash.updateCountdownSeconds: undefined
