2025-09-16 19:04:40.747 [info] Started local extension host with pid 20469.
2025-09-16 19:04:40.780 [info] Started initializing default profile extensions in extensions installation folder. file:///home/william/.vscode-oss/extensions
2025-09-16 19:04:40.873 [info] ComputeTargetPlatform: linux-x64
2025-09-16 19:04:40.926 [info] Completed initializing default profile extensions in extensions installation folder. file:///home/william/.vscode-oss/extensions
2025-09-16 19:04:41.059 [info] ChatSessionStore: Migrating 0 chat sessions from storage service to file system
2025-09-16 19:04:43.965 [info] [perf] Render performance baseline is 175ms
2025-09-16 19:05:15.481 [error] SignatureVerificationInternal: Signature verification was not executed.
    at yh.xb (file:///usr/lib/code-oss/resources/app/out/vs/code/electron-utility/sharedProcess/sharedProcessMain.js:74:63971)
    at async yh.wb (file:///usr/lib/code-oss/resources/app/out/vs/code/electron-utility/sharedProcess/sharedProcessMain.js:74:62886)
2025-09-16 19:05:15.494 [error] Signature verification was not executed.: SignatureVerificationInternal: Signature verification was not executed.
    at yh.xb (file:///usr/lib/code-oss/resources/app/out/vs/code/electron-utility/sharedProcess/sharedProcessMain.js:74:63971)
    at async yh.wb (file:///usr/lib/code-oss/resources/app/out/vs/code/electron-utility/sharedProcess/sharedProcessMain.js:74:62886)
2025-09-16 19:05:26.086 [error] SignatureVerificationInternal: Signature verification was not executed.
    at yh.xb (file:///usr/lib/code-oss/resources/app/out/vs/code/electron-utility/sharedProcess/sharedProcessMain.js:74:63971)
    at async yh.wb (file:///usr/lib/code-oss/resources/app/out/vs/code/electron-utility/sharedProcess/sharedProcessMain.js:74:62886)
2025-09-16 19:05:26.097 [error] Signature verification was not executed.: SignatureVerificationInternal: Signature verification was not executed.
    at yh.xb (file:///usr/lib/code-oss/resources/app/out/vs/code/electron-utility/sharedProcess/sharedProcessMain.js:74:63971)
    at async yh.wb (file:///usr/lib/code-oss/resources/app/out/vs/code/electron-utility/sharedProcess/sharedProcessMain.js:74:62886)
2025-09-16 19:05:26.759 [error] Extension 'ms-python.vscode-python-envs CANNOT USE these API proposals 'terminalShellEnv'. You MUST start in extension development mode or use the --enable-proposed-api command line flag
2025-09-16 19:05:26.759 [error] Extension 'ms-python.debugpy CANNOT USE these API proposals 'portsAttributes, debugVisualization, contribViewsWelcome'. You MUST start in extension development mode or use the --enable-proposed-api command line flag
2025-09-16 19:05:26.759 [error] Extension 'ms-python.python CANNOT USE these API proposals 'contribEditorContentMenu, quickPickSortByLabel, testObserver, quickPickItemTooltip, terminalDataWriteEvent, terminalExecuteCommandEvent, codeActionAI, notebookReplDocument, notebookVariableProvider'. You MUST start in extension development mode or use the --enable-proposed-api command line flag
2025-09-16 19:05:26.760 [error] Extension 'ms-python.vscode-pylance CANNOT USE these API proposals 'mcpConfigurationProvider'. You MUST start in extension development mode or use the --enable-proposed-api command line flag
2025-09-16 19:05:26.770 [error] [ms-python.python]: editor/content is a proposed menu identifier. It requires 'package.json#enabledApiProposals: ["contribEditorContentMenu"]' and is only available when running out of dev or with the following command line switch: --enable-proposed-api ms-python.python
2025-09-16 19:05:28.379 [error] An unknown error occurred. Please consult the log for more details.
2025-09-16 19:05:31.180 [error] SignatureVerificationInternal: Signature verification was not executed.
    at yh.xb (file:///usr/lib/code-oss/resources/app/out/vs/code/electron-utility/sharedProcess/sharedProcessMain.js:74:63971)
    at async yh.wb (file:///usr/lib/code-oss/resources/app/out/vs/code/electron-utility/sharedProcess/sharedProcessMain.js:74:62886)
2025-09-16 19:05:31.189 [error] Signature verification was not executed.: SignatureVerificationInternal: Signature verification was not executed.
    at yh.xb (file:///usr/lib/code-oss/resources/app/out/vs/code/electron-utility/sharedProcess/sharedProcessMain.js:74:63971)
    at async yh.wb (file:///usr/lib/code-oss/resources/app/out/vs/code/electron-utility/sharedProcess/sharedProcessMain.js:74:62886)
2025-09-16 19:05:31.524 [error] Extension 'ms-vscode.cpptools CANNOT USE these API proposals 'terminalDataWriteEvent, chatParticipantAdditions'. You MUST start in extension development mode or use the --enable-proposed-api command line flag
2025-09-16 19:05:31.530 [error] [ms-python.python]: editor/content is a proposed menu identifier. It requires 'package.json#enabledApiProposals: ["contribEditorContentMenu"]' and is only available when running out of dev or with the following command line switch: --enable-proposed-api ms-python.python
2025-09-16 19:05:31.782 [error] [Extension Host] (node:20469) [DEP0040] DeprecationWarning: The `punycode` module is deprecated. Please use a userland alternative instead.
(Use `exe --trace-deprecation ...` to show where the warning was created)
2025-09-16 19:05:35.093 [error] [ms-python.python]: editor/content is a proposed menu identifier. It requires 'package.json#enabledApiProposals: ["contribEditorContentMenu"]' and is only available when running out of dev or with the following command line switch: --enable-proposed-api ms-python.python
2025-09-16 19:05:35.557 [error] SignatureVerificationInternal: Signature verification was not executed.
    at yh.xb (file:///usr/lib/code-oss/resources/app/out/vs/code/electron-utility/sharedProcess/sharedProcessMain.js:74:63971)
    at async yh.wb (file:///usr/lib/code-oss/resources/app/out/vs/code/electron-utility/sharedProcess/sharedProcessMain.js:74:62886)
2025-09-16 19:05:35.564 [error] Signature verification was not executed.: SignatureVerificationInternal: Signature verification was not executed.
    at yh.xb (file:///usr/lib/code-oss/resources/app/out/vs/code/electron-utility/sharedProcess/sharedProcessMain.js:74:63971)
    at async yh.wb (file:///usr/lib/code-oss/resources/app/out/vs/code/electron-utility/sharedProcess/sharedProcessMain.js:74:62886)
2025-09-16 19:05:48.688 [error] SignatureVerificationInternal: Signature verification was not executed.
    at yh.xb (file:///usr/lib/code-oss/resources/app/out/vs/code/electron-utility/sharedProcess/sharedProcessMain.js:74:63971)
    at async yh.wb (file:///usr/lib/code-oss/resources/app/out/vs/code/electron-utility/sharedProcess/sharedProcessMain.js:74:62886)
2025-09-16 19:05:48.702 [error] Signature verification was not executed.: SignatureVerificationInternal: Signature verification was not executed.
    at yh.xb (file:///usr/lib/code-oss/resources/app/out/vs/code/electron-utility/sharedProcess/sharedProcessMain.js:74:63971)
    at async yh.wb (file:///usr/lib/code-oss/resources/app/out/vs/code/electron-utility/sharedProcess/sharedProcessMain.js:74:62886)
2025-09-16 19:05:50.861 [error] [ms-python.python]: editor/content is a proposed menu identifier. It requires 'package.json#enabledApiProposals: ["contribEditorContentMenu"]' and is only available when running out of dev or with the following command line switch: --enable-proposed-api ms-python.python
2025-09-16 19:06:02.372 [error] SignatureVerificationInternal: Signature verification was not executed.
    at yh.xb (file:///usr/lib/code-oss/resources/app/out/vs/code/electron-utility/sharedProcess/sharedProcessMain.js:74:63971)
    at async yh.wb (file:///usr/lib/code-oss/resources/app/out/vs/code/electron-utility/sharedProcess/sharedProcessMain.js:74:62886)
2025-09-16 19:06:02.378 [error] Signature verification was not executed.: SignatureVerificationInternal: Signature verification was not executed.
    at yh.xb (file:///usr/lib/code-oss/resources/app/out/vs/code/electron-utility/sharedProcess/sharedProcessMain.js:74:63971)
    at async yh.wb (file:///usr/lib/code-oss/resources/app/out/vs/code/electron-utility/sharedProcess/sharedProcessMain.js:74:62886)
2025-09-16 19:06:02.984 [error] SignatureVerificationInternal: Signature verification was not executed.
    at yh.xb (file:///usr/lib/code-oss/resources/app/out/vs/code/electron-utility/sharedProcess/sharedProcessMain.js:74:63971)
    at async yh.wb (file:///usr/lib/code-oss/resources/app/out/vs/code/electron-utility/sharedProcess/sharedProcessMain.js:74:62886)
2025-09-16 19:06:10.219 [error] [ms-python.python]: editor/content is a proposed menu identifier. It requires 'package.json#enabledApiProposals: ["contribEditorContentMenu"]' and is only available when running out of dev or with the following command line switch: --enable-proposed-api ms-python.python
2025-09-16 19:06:14.157 [error] SignatureVerificationInternal: Signature verification was not executed.
    at yh.xb (file:///usr/lib/code-oss/resources/app/out/vs/code/electron-utility/sharedProcess/sharedProcessMain.js:74:63971)
    at async yh.wb (file:///usr/lib/code-oss/resources/app/out/vs/code/electron-utility/sharedProcess/sharedProcessMain.js:74:62886)
2025-09-16 19:06:14.165 [error] Signature verification was not executed.: SignatureVerificationInternal: Signature verification was not executed.
    at yh.xb (file:///usr/lib/code-oss/resources/app/out/vs/code/electron-utility/sharedProcess/sharedProcessMain.js:74:63971)
    at async yh.wb (file:///usr/lib/code-oss/resources/app/out/vs/code/electron-utility/sharedProcess/sharedProcessMain.js:74:62886)
2025-09-16 19:06:20.341 [error] SignatureVerificationInternal: Signature verification was not executed.
    at yh.xb (file:///usr/lib/code-oss/resources/app/out/vs/code/electron-utility/sharedProcess/sharedProcessMain.js:74:63971)
    at async yh.wb (file:///usr/lib/code-oss/resources/app/out/vs/code/electron-utility/sharedProcess/sharedProcessMain.js:74:62886)
2025-09-16 19:06:20.348 [error] Signature verification was not executed.: SignatureVerificationInternal: Signature verification was not executed.
    at yh.xb (file:///usr/lib/code-oss/resources/app/out/vs/code/electron-utility/sharedProcess/sharedProcessMain.js:74:63971)
    at async yh.wb (file:///usr/lib/code-oss/resources/app/out/vs/code/electron-utility/sharedProcess/sharedProcessMain.js:74:62886)
2025-09-16 19:06:21.600 [error] [ms-python.python]: editor/content is a proposed menu identifier. It requires 'package.json#enabledApiProposals: ["contribEditorContentMenu"]' and is only available when running out of dev or with the following command line switch: --enable-proposed-api ms-python.python
2025-09-16 19:06:49.304 [error] SignatureVerificationInternal: Signature verification was not executed.
    at yh.xb (file:///usr/lib/code-oss/resources/app/out/vs/code/electron-utility/sharedProcess/sharedProcessMain.js:74:63971)
    at async yh.wb (file:///usr/lib/code-oss/resources/app/out/vs/code/electron-utility/sharedProcess/sharedProcessMain.js:74:62886)
2025-09-16 19:06:49.317 [error] Signature verification was not executed.: SignatureVerificationInternal: Signature verification was not executed.
    at yh.xb (file:///usr/lib/code-oss/resources/app/out/vs/code/electron-utility/sharedProcess/sharedProcessMain.js:74:63971)
    at async yh.wb (file:///usr/lib/code-oss/resources/app/out/vs/code/electron-utility/sharedProcess/sharedProcessMain.js:74:62886)
2025-09-16 19:06:58.935 [error] [ms-python.python]: editor/content is a proposed menu identifier. It requires 'package.json#enabledApiProposals: ["contribEditorContentMenu"]' and is only available when running out of dev or with the following command line switch: --enable-proposed-api ms-python.python
