2025-09-16 19:04:41.105 [info] ComputeTargetPlatform: linux-x64
2025-09-16 19:05:09.107 [info] ComputeTargetPlatform: linux-x64
2025-09-16 19:05:13.103 [info] Getting Manifest... ms-python.python
2025-09-16 19:05:13.184 [info] Installing extension: ms-python.python {"isMachineScoped":false,"installPreReleaseVersion":false,"pinned":false,"profileLocation":{"$mid":1,"external":"vscode-userdata:/home/william/.vscode-oss/extensions/extensions.json","path":"/home/william/.vscode-oss/extensions/extensions.json","scheme":"vscode-userdata"},"isApplicationScoped":false,"productVersion":{"version":"1.100.3","date":"2025-07-19T16:51:29.935Z"}}
2025-09-16 19:05:13.837 [info] Getting Manifest... ms-python.vscode-pylance
2025-09-16 19:05:13.859 [info] Getting Manifest... ms-python.debugpy
2025-09-16 19:05:14.132 [info] Getting Manifest... ms-python.vscode-python-envs
2025-09-16 19:05:14.159 [info] Installing extension: ms-python.vscode-pylance {"isMachineScoped":false,"installPreReleaseVersion":false,"pinned":false,"profileLocation":{"$mid":1,"external":"vscode-userdata:/home/william/.vscode-oss/extensions/extensions.json","path":"/home/william/.vscode-oss/extensions/extensions.json","scheme":"vscode-userdata"},"isApplicationScoped":false,"productVersion":{"version":"1.100.3","date":"2025-07-19T16:51:29.935Z"},"installGivenVersion":false,"context":{"dependecyOrPackExtensionInstall":true}}
2025-09-16 19:05:14.159 [info] Installing extension: ms-python.debugpy {"isMachineScoped":false,"installPreReleaseVersion":false,"pinned":false,"profileLocation":{"$mid":1,"external":"vscode-userdata:/home/william/.vscode-oss/extensions/extensions.json","path":"/home/william/.vscode-oss/extensions/extensions.json","scheme":"vscode-userdata"},"isApplicationScoped":false,"productVersion":{"version":"1.100.3","date":"2025-07-19T16:51:29.935Z"},"installGivenVersion":false,"context":{"dependecyOrPackExtensionInstall":true}}
2025-09-16 19:05:14.159 [info] Installing extension: ms-python.vscode-python-envs {"isMachineScoped":false,"installPreReleaseVersion":false,"pinned":false,"profileLocation":{"$mid":1,"external":"vscode-userdata:/home/william/.vscode-oss/extensions/extensions.json","path":"/home/william/.vscode-oss/extensions/extensions.json","scheme":"vscode-userdata"},"isApplicationScoped":false,"productVersion":{"version":"1.100.3","date":"2025-07-19T16:51:29.935Z"},"installGivenVersion":false,"context":{"dependecyOrPackExtensionInstall":true}}
2025-09-16 19:05:14.395 [error] Could not load vsce-sign module Cannot find package '@vscode/vsce-sign' imported from /usr/lib/code-oss/resources/app/out/vs/code/electron-utility/sharedProcess/sharedProcessMain.js
2025-09-16 19:05:14.395 [info] Extension signature verification is not done: ms-python.vscode-python-envs
2025-09-16 19:05:14.400 [error] Error while installing the extension ms-python.vscode-python-envs Signature verification was not executed. vscode-userdata:/home/william/.vscode-oss/extensions/extensions.json
2025-09-16 19:05:14.401 [error] [uncaught exception in sharedProcess]: Signature verification was not executed.: SignatureVerificationInternal: Signature verification was not executed.
    at yh.xb (file:///usr/lib/code-oss/resources/app/out/vs/code/electron-utility/sharedProcess/sharedProcessMain.js:74:63971)
    at async yh.wb (file:///usr/lib/code-oss/resources/app/out/vs/code/electron-utility/sharedProcess/sharedProcessMain.js:74:62886)
2025-09-16 19:05:14.661 [error] Could not load vsce-sign module Cannot find package '@vscode/vsce-sign' imported from /usr/lib/code-oss/resources/app/out/vs/code/electron-utility/sharedProcess/sharedProcessMain.js
2025-09-16 19:05:14.662 [info] Extension signature verification is not done: ms-python.debugpy
2025-09-16 19:05:14.666 [error] Error while installing the extension ms-python.debugpy Signature verification was not executed. vscode-userdata:/home/william/.vscode-oss/extensions/extensions.json
2025-09-16 19:05:14.666 [error] [uncaught exception in sharedProcess]: Signature verification was not executed.: SignatureVerificationInternal: Signature verification was not executed.
    at yh.xb (file:///usr/lib/code-oss/resources/app/out/vs/code/electron-utility/sharedProcess/sharedProcessMain.js:74:63971)
    at async yh.wb (file:///usr/lib/code-oss/resources/app/out/vs/code/electron-utility/sharedProcess/sharedProcessMain.js:74:62886)
2025-09-16 19:05:14.728 [error] Could not load vsce-sign module Cannot find package '@vscode/vsce-sign' imported from /usr/lib/code-oss/resources/app/out/vs/code/electron-utility/sharedProcess/sharedProcessMain.js
2025-09-16 19:05:14.728 [info] Extension signature verification is not done: ms-python.python
2025-09-16 19:05:14.730 [error] Error while installing the extension ms-python.python Signature verification was not executed. vscode-userdata:/home/william/.vscode-oss/extensions/extensions.json
2025-09-16 19:05:14.730 [error] [uncaught exception in sharedProcess]: Signature verification was not executed.: SignatureVerificationInternal: Signature verification was not executed.
    at yh.xb (file:///usr/lib/code-oss/resources/app/out/vs/code/electron-utility/sharedProcess/sharedProcessMain.js:74:63971)
    at async yh.wb (file:///usr/lib/code-oss/resources/app/out/vs/code/electron-utility/sharedProcess/sharedProcessMain.js:74:62886)
2025-09-16 19:05:15.422 [error] Could not load vsce-sign module Cannot find package '@vscode/vsce-sign' imported from /usr/lib/code-oss/resources/app/out/vs/code/electron-utility/sharedProcess/sharedProcessMain.js
2025-09-16 19:05:15.422 [info] Extension signature verification is not done: ms-python.vscode-pylance
2025-09-16 19:05:15.423 [error] Error while installing the extension ms-python.vscode-pylance Signature verification was not executed. vscode-userdata:/home/william/.vscode-oss/extensions/extensions.json
2025-09-16 19:05:15.424 [error] [uncaught exception in sharedProcess]: Signature verification was not executed.: SignatureVerificationInternal: Signature verification was not executed.
    at yh.xb (file:///usr/lib/code-oss/resources/app/out/vs/code/electron-utility/sharedProcess/sharedProcessMain.js:74:63971)
    at async yh.wb (file:///usr/lib/code-oss/resources/app/out/vs/code/electron-utility/sharedProcess/sharedProcessMain.js:74:62886)
2025-09-16 19:05:19.245 [info] Getting Manifest... ms-python.python
2025-09-16 19:05:19.308 [info] Installing extension: ms-python.python {"isMachineScoped":false,"installPreReleaseVersion":false,"pinned":false,"donotVerifySignature":true,"profileLocation":{"$mid":1,"external":"vscode-userdata:/home/william/.vscode-oss/extensions/extensions.json","path":"/home/william/.vscode-oss/extensions/extensions.json","scheme":"vscode-userdata"},"isApplicationScoped":false,"productVersion":{"version":"1.100.3","date":"2025-07-19T16:51:29.935Z"}}
2025-09-16 19:05:19.819 [info] Getting Manifest... ms-python.vscode-pylance
2025-09-16 19:05:19.833 [info] Getting Manifest... ms-python.debugpy
2025-09-16 19:05:20.118 [info] Getting Manifest... ms-python.vscode-python-envs
2025-09-16 19:05:20.148 [info] Installing extension: ms-python.vscode-pylance {"isMachineScoped":false,"installPreReleaseVersion":false,"pinned":false,"donotVerifySignature":true,"profileLocation":{"$mid":1,"external":"vscode-userdata:/home/william/.vscode-oss/extensions/extensions.json","path":"/home/william/.vscode-oss/extensions/extensions.json","scheme":"vscode-userdata"},"isApplicationScoped":false,"productVersion":{"version":"1.100.3","date":"2025-07-19T16:51:29.935Z"},"installGivenVersion":false,"context":{"dependecyOrPackExtensionInstall":true}}
2025-09-16 19:05:20.148 [info] Installing extension: ms-python.debugpy {"isMachineScoped":false,"installPreReleaseVersion":false,"pinned":false,"donotVerifySignature":true,"profileLocation":{"$mid":1,"external":"vscode-userdata:/home/william/.vscode-oss/extensions/extensions.json","path":"/home/william/.vscode-oss/extensions/extensions.json","scheme":"vscode-userdata"},"isApplicationScoped":false,"productVersion":{"version":"1.100.3","date":"2025-07-19T16:51:29.935Z"},"installGivenVersion":false,"context":{"dependecyOrPackExtensionInstall":true}}
2025-09-16 19:05:20.149 [info] Installing extension: ms-python.vscode-python-envs {"isMachineScoped":false,"installPreReleaseVersion":false,"pinned":false,"donotVerifySignature":true,"profileLocation":{"$mid":1,"external":"vscode-userdata:/home/william/.vscode-oss/extensions/extensions.json","path":"/home/william/.vscode-oss/extensions/extensions.json","scheme":"vscode-userdata"},"isApplicationScoped":false,"productVersion":{"version":"1.100.3","date":"2025-07-19T16:51:29.935Z"},"installGivenVersion":false,"context":{"dependecyOrPackExtensionInstall":true}}
2025-09-16 19:05:20.825 [info] Extracted extension to file:///home/william/.vscode-oss/extensions/ms-python.vscode-python-envs-1.2.0-linux-x64: ms-python.vscode-python-envs
2025-09-16 19:05:20.834 [info] Renamed to /home/william/.vscode-oss/extensions/ms-python.vscode-python-envs-1.2.0-linux-x64
2025-09-16 19:05:21.236 [info] Extracted extension to file:///home/william/.vscode-oss/extensions/ms-python.debugpy-2025.10.0-linux-x64: ms-python.debugpy
2025-09-16 19:05:21.248 [info] Renamed to /home/william/.vscode-oss/extensions/ms-python.debugpy-2025.10.0-linux-x64
2025-09-16 19:05:22.218 [info] Extracted extension to file:///home/william/.vscode-oss/extensions/ms-python.python-2025.14.0-linux-x64: ms-python.python
2025-09-16 19:05:22.285 [info] Renamed to /home/william/.vscode-oss/extensions/ms-python.python-2025.14.0-linux-x64
2025-09-16 19:05:23.164 [info] Getting Manifest... ms-vscode.cpptools
2025-09-16 19:05:23.234 [info] Installing extension: ms-vscode.cpptools {"isMachineScoped":false,"installPreReleaseVersion":false,"pinned":false,"profileLocation":{"$mid":1,"external":"vscode-userdata:/home/william/.vscode-oss/extensions/extensions.json","path":"/home/william/.vscode-oss/extensions/extensions.json","scheme":"vscode-userdata"},"isApplicationScoped":false,"productVersion":{"version":"1.100.3","date":"2025-07-19T16:51:29.935Z"}}
2025-09-16 19:05:26.048 [error] Could not load vsce-sign module Cannot find package '@vscode/vsce-sign' imported from /usr/lib/code-oss/resources/app/out/vs/code/electron-utility/sharedProcess/sharedProcessMain.js
2025-09-16 19:05:26.049 [info] Extension signature verification is not done: ms-vscode.cpptools
2025-09-16 19:05:26.050 [error] Error while installing the extension ms-vscode.cpptools Signature verification was not executed. vscode-userdata:/home/william/.vscode-oss/extensions/extensions.json
2025-09-16 19:05:26.052 [error] [uncaught exception in sharedProcess]: Signature verification was not executed.: SignatureVerificationInternal: Signature verification was not executed.
    at yh.xb (file:///usr/lib/code-oss/resources/app/out/vs/code/electron-utility/sharedProcess/sharedProcessMain.js:74:63971)
    at async yh.wb (file:///usr/lib/code-oss/resources/app/out/vs/code/electron-utility/sharedProcess/sharedProcessMain.js:74:62886)
2025-09-16 19:05:26.556 [info] Extracted extension to file:///home/william/.vscode-oss/extensions/ms-python.vscode-pylance-2025.6.2: ms-python.vscode-pylance
2025-09-16 19:05:26.726 [info] Renamed to /home/william/.vscode-oss/extensions/ms-python.vscode-pylance-2025.6.2
2025-09-16 19:05:26.748 [info] Extension installed successfully: ms-python.vscode-python-envs vscode-userdata:/home/william/.vscode-oss/extensions/extensions.json
2025-09-16 19:05:26.748 [info] Extension installed successfully: ms-python.debugpy vscode-userdata:/home/william/.vscode-oss/extensions/extensions.json
2025-09-16 19:05:26.749 [info] Extension installed successfully: ms-python.python vscode-userdata:/home/william/.vscode-oss/extensions/extensions.json
2025-09-16 19:05:26.749 [info] Extension installed successfully: ms-python.vscode-pylance vscode-userdata:/home/william/.vscode-oss/extensions/extensions.json
2025-09-16 19:05:27.258 [info] Getting Manifest... ms-vscode.cpptools
2025-09-16 19:05:27.278 [info] Installing extension: ms-vscode.cpptools {"isMachineScoped":false,"installPreReleaseVersion":false,"pinned":false,"donotVerifySignature":true,"profileLocation":{"$mid":1,"external":"vscode-userdata:/home/william/.vscode-oss/extensions/extensions.json","path":"/home/william/.vscode-oss/extensions/extensions.json","scheme":"vscode-userdata"},"isApplicationScoped":false,"productVersion":{"version":"1.100.3","date":"2025-07-19T16:51:29.935Z"}}
2025-09-16 19:05:30.819 [info] Getting Manifest... ritwickdey.liveserver
2025-09-16 19:05:30.876 [info] Installing extension: ritwickdey.liveserver {"isMachineScoped":false,"installPreReleaseVersion":false,"pinned":false,"profileLocation":{"$mid":1,"external":"vscode-userdata:/home/william/.vscode-oss/extensions/extensions.json","path":"/home/william/.vscode-oss/extensions/extensions.json","scheme":"vscode-userdata"},"isApplicationScoped":false,"productVersion":{"version":"1.100.3","date":"2025-07-19T16:51:29.935Z"}}
2025-09-16 19:05:31.144 [error] Could not load vsce-sign module Cannot find package '@vscode/vsce-sign' imported from /usr/lib/code-oss/resources/app/out/vs/code/electron-utility/sharedProcess/sharedProcessMain.js
2025-09-16 19:05:31.144 [info] Extension signature verification is not done: ritwickdey.liveserver
2025-09-16 19:05:31.146 [error] Error while installing the extension ritwickdey.liveserver Signature verification was not executed. vscode-userdata:/home/william/.vscode-oss/extensions/extensions.json
2025-09-16 19:05:31.147 [error] [uncaught exception in sharedProcess]: Signature verification was not executed.: SignatureVerificationInternal: Signature verification was not executed.
    at yh.xb (file:///usr/lib/code-oss/resources/app/out/vs/code/electron-utility/sharedProcess/sharedProcessMain.js:74:63971)
    at async yh.wb (file:///usr/lib/code-oss/resources/app/out/vs/code/electron-utility/sharedProcess/sharedProcessMain.js:74:62886)
2025-09-16 19:05:31.449 [info] Extracted extension to file:///home/william/.vscode-oss/extensions/ms-vscode.cpptools-1.26.5-linux-x64: ms-vscode.cpptools
2025-09-16 19:05:31.472 [info] Renamed to /home/william/.vscode-oss/extensions/ms-vscode.cpptools-1.26.5-linux-x64
2025-09-16 19:05:31.518 [info] Extension installed successfully: ms-vscode.cpptools vscode-userdata:/home/william/.vscode-oss/extensions/extensions.json
2025-09-16 19:05:32.515 [info] Getting Manifest... ritwickdey.liveserver
2025-09-16 19:05:32.553 [info] Installing extension: ritwickdey.liveserver {"isMachineScoped":false,"installPreReleaseVersion":false,"pinned":false,"donotVerifySignature":true,"profileLocation":{"$mid":1,"external":"vscode-userdata:/home/william/.vscode-oss/extensions/extensions.json","path":"/home/william/.vscode-oss/extensions/extensions.json","scheme":"vscode-userdata"},"isApplicationScoped":false,"productVersion":{"version":"1.100.3","date":"2025-07-19T16:51:29.935Z"}}
2025-09-16 19:05:34.936 [info] Extracted extension to file:///home/william/.vscode-oss/extensions/ritwickdey.liveserver-5.7.9: ritwickdey.liveserver
2025-09-16 19:05:35.061 [info] Renamed to /home/william/.vscode-oss/extensions/ritwickdey.liveserver-5.7.9
2025-09-16 19:05:35.085 [info] Extension installed successfully: ritwickdey.liveserver vscode-userdata:/home/william/.vscode-oss/extensions/extensions.json
2025-09-16 19:05:35.227 [info] Getting Manifest... esbenp.prettier-vscode
2025-09-16 19:05:35.298 [info] Installing extension: esbenp.prettier-vscode {"isMachineScoped":false,"installPreReleaseVersion":false,"pinned":false,"profileLocation":{"$mid":1,"external":"vscode-userdata:/home/william/.vscode-oss/extensions/extensions.json","path":"/home/william/.vscode-oss/extensions/extensions.json","scheme":"vscode-userdata"},"isApplicationScoped":false,"productVersion":{"version":"1.100.3","date":"2025-07-19T16:51:29.935Z"}}
2025-09-16 19:05:35.521 [error] Could not load vsce-sign module Cannot find package '@vscode/vsce-sign' imported from /usr/lib/code-oss/resources/app/out/vs/code/electron-utility/sharedProcess/sharedProcessMain.js
2025-09-16 19:05:35.521 [info] Extension signature verification is not done: esbenp.prettier-vscode
2025-09-16 19:05:35.523 [error] Error while installing the extension esbenp.prettier-vscode Signature verification was not executed. vscode-userdata:/home/william/.vscode-oss/extensions/extensions.json
2025-09-16 19:05:35.524 [error] [uncaught exception in sharedProcess]: Signature verification was not executed.: SignatureVerificationInternal: Signature verification was not executed.
    at yh.xb (file:///usr/lib/code-oss/resources/app/out/vs/code/electron-utility/sharedProcess/sharedProcessMain.js:74:63971)
    at async yh.wb (file:///usr/lib/code-oss/resources/app/out/vs/code/electron-utility/sharedProcess/sharedProcessMain.js:74:62886)
2025-09-16 19:05:36.546 [info] Getting Manifest... esbenp.prettier-vscode
2025-09-16 19:05:36.585 [info] Installing extension: esbenp.prettier-vscode {"isMachineScoped":false,"installPreReleaseVersion":false,"pinned":false,"donotVerifySignature":true,"profileLocation":{"$mid":1,"external":"vscode-userdata:/home/william/.vscode-oss/extensions/extensions.json","path":"/home/william/.vscode-oss/extensions/extensions.json","scheme":"vscode-userdata"},"isApplicationScoped":false,"productVersion":{"version":"1.100.3","date":"2025-07-19T16:51:29.935Z"}}
2025-09-16 19:05:36.787 [info] Extracted extension to file:///home/william/.vscode-oss/extensions/esbenp.prettier-vscode-11.0.0: esbenp.prettier-vscode
2025-09-16 19:05:36.790 [info] Renamed to /home/william/.vscode-oss/extensions/esbenp.prettier-vscode-11.0.0
2025-09-16 19:05:36.817 [info] Extension installed successfully: esbenp.prettier-vscode vscode-userdata:/home/william/.vscode-oss/extensions/extensions.json
2025-09-16 19:05:47.906 [info] Getting Manifest... ms-vscode.cpptools-extension-pack
2025-09-16 19:05:47.921 [info] Installing extension: ms-vscode.cpptools-extension-pack {"isMachineScoped":false,"installPreReleaseVersion":false,"pinned":false,"profileLocation":{"$mid":1,"external":"vscode-userdata:/home/william/.vscode-oss/extensions/extensions.json","path":"/home/william/.vscode-oss/extensions/extensions.json","scheme":"vscode-userdata"},"isApplicationScoped":false,"productVersion":{"version":"1.100.3","date":"2025-07-19T16:51:29.935Z"}}
2025-09-16 19:05:48.319 [info] Getting Manifest... ms-vscode.cpptools
2025-09-16 19:05:48.335 [info] Getting Manifest... ms-vscode.cmake-tools
2025-09-16 19:05:48.353 [info] Getting Manifest... ms-vscode.cpptools-themes
2025-09-16 19:05:48.402 [info] Installing extension: ms-vscode.cmake-tools {"isMachineScoped":false,"installPreReleaseVersion":false,"pinned":false,"profileLocation":{"$mid":1,"external":"vscode-userdata:/home/william/.vscode-oss/extensions/extensions.json","path":"/home/william/.vscode-oss/extensions/extensions.json","scheme":"vscode-userdata"},"isApplicationScoped":false,"productVersion":{"version":"1.100.3","date":"2025-07-19T16:51:29.935Z"},"installGivenVersion":false,"context":{"dependecyOrPackExtensionInstall":true}}
2025-09-16 19:05:48.402 [info] Installing extension: ms-vscode.cpptools-themes {"isMachineScoped":false,"installPreReleaseVersion":false,"pinned":false,"profileLocation":{"$mid":1,"external":"vscode-userdata:/home/william/.vscode-oss/extensions/extensions.json","path":"/home/william/.vscode-oss/extensions/extensions.json","scheme":"vscode-userdata"},"isApplicationScoped":false,"productVersion":{"version":"1.100.3","date":"2025-07-19T16:51:29.935Z"},"installGivenVersion":false,"context":{"dependecyOrPackExtensionInstall":true}}
2025-09-16 19:05:48.592 [error] Could not load vsce-sign module Cannot find package '@vscode/vsce-sign' imported from /usr/lib/code-oss/resources/app/out/vs/code/electron-utility/sharedProcess/sharedProcessMain.js
2025-09-16 19:05:48.592 [info] Extension signature verification is not done: ms-vscode.cmake-tools
2025-09-16 19:05:48.594 [error] Error while installing the extension ms-vscode.cmake-tools Signature verification was not executed. vscode-userdata:/home/william/.vscode-oss/extensions/extensions.json
2025-09-16 19:05:48.594 [error] [uncaught exception in sharedProcess]: Signature verification was not executed.: SignatureVerificationInternal: Signature verification was not executed.
    at yh.xb (file:///usr/lib/code-oss/resources/app/out/vs/code/electron-utility/sharedProcess/sharedProcessMain.js:74:63971)
    at async yh.wb (file:///usr/lib/code-oss/resources/app/out/vs/code/electron-utility/sharedProcess/sharedProcessMain.js:74:62886)
2025-09-16 19:05:48.605 [error] Could not load vsce-sign module Cannot find package '@vscode/vsce-sign' imported from /usr/lib/code-oss/resources/app/out/vs/code/electron-utility/sharedProcess/sharedProcessMain.js
2025-09-16 19:05:48.605 [info] Extension signature verification is not done: ms-vscode.cpptools-extension-pack
2025-09-16 19:05:48.607 [error] Error while installing the extension ms-vscode.cpptools-extension-pack Signature verification was not executed. vscode-userdata:/home/william/.vscode-oss/extensions/extensions.json
2025-09-16 19:05:48.607 [error] [uncaught exception in sharedProcess]: Signature verification was not executed.: SignatureVerificationInternal: Signature verification was not executed.
    at yh.xb (file:///usr/lib/code-oss/resources/app/out/vs/code/electron-utility/sharedProcess/sharedProcessMain.js:74:63971)
    at async yh.wb (file:///usr/lib/code-oss/resources/app/out/vs/code/electron-utility/sharedProcess/sharedProcessMain.js:74:62886)
2025-09-16 19:05:48.635 [error] Could not load vsce-sign module Cannot find package '@vscode/vsce-sign' imported from /usr/lib/code-oss/resources/app/out/vs/code/electron-utility/sharedProcess/sharedProcessMain.js
2025-09-16 19:05:48.635 [info] Extension signature verification is not done: ms-vscode.cpptools-themes
2025-09-16 19:05:48.636 [error] Error while installing the extension ms-vscode.cpptools-themes Signature verification was not executed. vscode-userdata:/home/william/.vscode-oss/extensions/extensions.json
2025-09-16 19:05:48.637 [error] [uncaught exception in sharedProcess]: Signature verification was not executed.: SignatureVerificationInternal: Signature verification was not executed.
    at yh.xb (file:///usr/lib/code-oss/resources/app/out/vs/code/electron-utility/sharedProcess/sharedProcessMain.js:74:63971)
    at async yh.wb (file:///usr/lib/code-oss/resources/app/out/vs/code/electron-utility/sharedProcess/sharedProcessMain.js:74:62886)
2025-09-16 19:05:49.872 [info] Getting Manifest... ms-vscode.cpptools-extension-pack
2025-09-16 19:05:49.887 [info] Installing extension: ms-vscode.cpptools-extension-pack {"isMachineScoped":false,"installPreReleaseVersion":false,"pinned":false,"donotVerifySignature":true,"profileLocation":{"$mid":1,"external":"vscode-userdata:/home/william/.vscode-oss/extensions/extensions.json","path":"/home/william/.vscode-oss/extensions/extensions.json","scheme":"vscode-userdata"},"isApplicationScoped":false,"productVersion":{"version":"1.100.3","date":"2025-07-19T16:51:29.935Z"}}
2025-09-16 19:05:50.266 [info] Getting Manifest... ms-vscode.cpptools
2025-09-16 19:05:50.283 [info] Getting Manifest... ms-vscode.cmake-tools
2025-09-16 19:05:50.295 [info] Getting Manifest... ms-vscode.cpptools-themes
2025-09-16 19:05:50.334 [info] Installing extension: ms-vscode.cmake-tools {"isMachineScoped":false,"installPreReleaseVersion":false,"pinned":false,"donotVerifySignature":true,"profileLocation":{"$mid":1,"external":"vscode-userdata:/home/william/.vscode-oss/extensions/extensions.json","path":"/home/william/.vscode-oss/extensions/extensions.json","scheme":"vscode-userdata"},"isApplicationScoped":false,"productVersion":{"version":"1.100.3","date":"2025-07-19T16:51:29.935Z"},"installGivenVersion":false,"context":{"dependecyOrPackExtensionInstall":true}}
2025-09-16 19:05:50.335 [info] Installing extension: ms-vscode.cpptools-themes {"isMachineScoped":false,"installPreReleaseVersion":false,"pinned":false,"donotVerifySignature":true,"profileLocation":{"$mid":1,"external":"vscode-userdata:/home/william/.vscode-oss/extensions/extensions.json","path":"/home/william/.vscode-oss/extensions/extensions.json","scheme":"vscode-userdata"},"isApplicationScoped":false,"productVersion":{"version":"1.100.3","date":"2025-07-19T16:51:29.935Z"},"installGivenVersion":false,"context":{"dependecyOrPackExtensionInstall":true}}
2025-09-16 19:05:50.505 [info] Extracted extension to file:///home/william/.vscode-oss/extensions/ms-vscode.cpptools-extension-pack-1.3.1: ms-vscode.cpptools-extension-pack
2025-09-16 19:05:50.507 [info] Renamed to /home/william/.vscode-oss/extensions/ms-vscode.cpptools-extension-pack-1.3.1
2025-09-16 19:05:50.536 [info] Extracted extension to file:///home/william/.vscode-oss/extensions/ms-vscode.cpptools-themes-2.0.0: ms-vscode.cpptools-themes
2025-09-16 19:05:50.540 [info] Renamed to /home/william/.vscode-oss/extensions/ms-vscode.cpptools-themes-2.0.0
2025-09-16 19:05:50.791 [info] Extracted extension to file:///home/william/.vscode-oss/extensions/ms-vscode.cmake-tools-1.21.36: ms-vscode.cmake-tools
2025-09-16 19:05:50.810 [info] Renamed to /home/william/.vscode-oss/extensions/ms-vscode.cmake-tools-1.21.36
2025-09-16 19:05:50.835 [info] Extension installed successfully: ms-vscode.cpptools-extension-pack vscode-userdata:/home/william/.vscode-oss/extensions/extensions.json
2025-09-16 19:05:50.835 [info] Extension installed successfully: ms-vscode.cpptools-themes vscode-userdata:/home/william/.vscode-oss/extensions/extensions.json
2025-09-16 19:05:50.835 [info] Extension installed successfully: ms-vscode.cmake-tools vscode-userdata:/home/william/.vscode-oss/extensions/extensions.json
2025-09-16 19:05:59.331 [info] Getting Manifest... ms-dotnettools.csharp
2025-09-16 19:05:59.409 [info] Installing extension: ms-dotnettools.csharp {"isMachineScoped":false,"installPreReleaseVersion":false,"pinned":false,"profileLocation":{"$mid":1,"external":"vscode-userdata:/home/william/.vscode-oss/extensions/extensions.json","path":"/home/william/.vscode-oss/extensions/extensions.json","scheme":"vscode-userdata"},"isApplicationScoped":false,"productVersion":{"version":"1.100.3","date":"2025-07-19T16:51:29.935Z"}}
2025-09-16 19:05:59.660 [info] Getting Manifest... ms-dotnettools.vscode-dotnet-runtime
2025-09-16 19:05:59.693 [info] Installing extension: ms-dotnettools.vscode-dotnet-runtime {"isMachineScoped":false,"installPreReleaseVersion":false,"pinned":false,"profileLocation":{"$mid":1,"external":"vscode-userdata:/home/william/.vscode-oss/extensions/extensions.json","path":"/home/william/.vscode-oss/extensions/extensions.json","scheme":"vscode-userdata"},"isApplicationScoped":false,"productVersion":{"version":"1.100.3","date":"2025-07-19T16:51:29.935Z"},"installGivenVersion":false,"context":{"dependecyOrPackExtensionInstall":true}}
2025-09-16 19:05:59.919 [error] Could not load vsce-sign module Cannot find package '@vscode/vsce-sign' imported from /usr/lib/code-oss/resources/app/out/vs/code/electron-utility/sharedProcess/sharedProcessMain.js
2025-09-16 19:05:59.919 [info] Extension signature verification is not done: ms-dotnettools.vscode-dotnet-runtime
2025-09-16 19:05:59.920 [error] Error while installing the extension ms-dotnettools.vscode-dotnet-runtime Signature verification was not executed. vscode-userdata:/home/william/.vscode-oss/extensions/extensions.json
2025-09-16 19:05:59.921 [error] [uncaught exception in sharedProcess]: Signature verification was not executed.: SignatureVerificationInternal: Signature verification was not executed.
    at yh.xb (file:///usr/lib/code-oss/resources/app/out/vs/code/electron-utility/sharedProcess/sharedProcessMain.js:74:63971)
    at async yh.wb (file:///usr/lib/code-oss/resources/app/out/vs/code/electron-utility/sharedProcess/sharedProcessMain.js:74:62886)
2025-09-16 19:06:02.332 [error] Could not load vsce-sign module Cannot find package '@vscode/vsce-sign' imported from /usr/lib/code-oss/resources/app/out/vs/code/electron-utility/sharedProcess/sharedProcessMain.js
2025-09-16 19:06:02.332 [info] Extension signature verification is not done: ms-dotnettools.csharp
2025-09-16 19:06:02.334 [error] Error while installing the extension ms-dotnettools.csharp Signature verification was not executed. vscode-userdata:/home/william/.vscode-oss/extensions/extensions.json
2025-09-16 19:06:02.335 [error] [uncaught exception in sharedProcess]: Signature verification was not executed.: SignatureVerificationInternal: Signature verification was not executed.
    at yh.xb (file:///usr/lib/code-oss/resources/app/out/vs/code/electron-utility/sharedProcess/sharedProcessMain.js:74:63971)
    at async yh.wb (file:///usr/lib/code-oss/resources/app/out/vs/code/electron-utility/sharedProcess/sharedProcessMain.js:74:62886)
2025-09-16 19:06:02.643 [info] Getting Manifest... pkief.material-icon-theme
2025-09-16 19:06:02.705 [info] Installing extension: pkief.material-icon-theme {"isMachineScoped":false,"installPreReleaseVersion":false,"pinned":false,"profileLocation":{"$mid":1,"external":"vscode-userdata:/home/william/.vscode-oss/extensions/extensions.json","path":"/home/william/.vscode-oss/extensions/extensions.json","scheme":"vscode-userdata"},"isApplicationScoped":false,"productVersion":{"version":"1.100.3","date":"2025-07-19T16:51:29.935Z"}}
2025-09-16 19:06:02.953 [error] Could not load vsce-sign module Cannot find package '@vscode/vsce-sign' imported from /usr/lib/code-oss/resources/app/out/vs/code/electron-utility/sharedProcess/sharedProcessMain.js
2025-09-16 19:06:02.953 [info] Extension signature verification is not done: pkief.material-icon-theme
2025-09-16 19:06:02.954 [error] Error while installing the extension pkief.material-icon-theme Signature verification was not executed. vscode-userdata:/home/william/.vscode-oss/extensions/extensions.json
2025-09-16 19:06:02.955 [error] [uncaught exception in sharedProcess]: Signature verification was not executed.: SignatureVerificationInternal: Signature verification was not executed.
    at yh.xb (file:///usr/lib/code-oss/resources/app/out/vs/code/electron-utility/sharedProcess/sharedProcessMain.js:74:63971)
    at async yh.wb (file:///usr/lib/code-oss/resources/app/out/vs/code/electron-utility/sharedProcess/sharedProcessMain.js:74:62886)
2025-09-16 19:06:03.879 [info] Getting Manifest... ms-dotnettools.csharp
2025-09-16 19:06:03.915 [info] Installing extension: ms-dotnettools.csharp {"isMachineScoped":false,"installPreReleaseVersion":false,"pinned":false,"donotVerifySignature":true,"profileLocation":{"$mid":1,"external":"vscode-userdata:/home/william/.vscode-oss/extensions/extensions.json","path":"/home/william/.vscode-oss/extensions/extensions.json","scheme":"vscode-userdata"},"isApplicationScoped":false,"productVersion":{"version":"1.100.3","date":"2025-07-19T16:51:29.935Z"}}
2025-09-16 19:06:04.080 [info] Getting Manifest... ms-dotnettools.vscode-dotnet-runtime
2025-09-16 19:06:04.110 [info] Installing extension: ms-dotnettools.vscode-dotnet-runtime {"isMachineScoped":false,"installPreReleaseVersion":false,"pinned":false,"donotVerifySignature":true,"profileLocation":{"$mid":1,"external":"vscode-userdata:/home/william/.vscode-oss/extensions/extensions.json","path":"/home/william/.vscode-oss/extensions/extensions.json","scheme":"vscode-userdata"},"isApplicationScoped":false,"productVersion":{"version":"1.100.3","date":"2025-07-19T16:51:29.935Z"},"installGivenVersion":false,"context":{"dependecyOrPackExtensionInstall":true}}
2025-09-16 19:06:04.370 [info] Extracted extension to file:///home/william/.vscode-oss/extensions/ms-dotnettools.vscode-dotnet-runtime-2.3.6: ms-dotnettools.vscode-dotnet-runtime
2025-09-16 19:06:04.373 [info] Renamed to /home/william/.vscode-oss/extensions/ms-dotnettools.vscode-dotnet-runtime-2.3.6
2025-09-16 19:06:04.457 [info] Getting Manifest... pkief.material-icon-theme
2025-09-16 19:06:04.477 [info] Installing extension: pkief.material-icon-theme {"isMachineScoped":false,"installPreReleaseVersion":false,"pinned":false,"donotVerifySignature":true,"profileLocation":{"$mid":1,"external":"vscode-userdata:/home/william/.vscode-oss/extensions/extensions.json","path":"/home/william/.vscode-oss/extensions/extensions.json","scheme":"vscode-userdata"},"isApplicationScoped":false,"productVersion":{"version":"1.100.3","date":"2025-07-19T16:51:29.935Z"}}
2025-09-16 19:06:05.537 [info] Extracted extension to file:///home/william/.vscode-oss/extensions/pkief.material-icon-theme-5.27.0: pkief.material-icon-theme
2025-09-16 19:06:05.582 [info] Renamed to /home/william/.vscode-oss/extensions/pkief.material-icon-theme-5.27.0
2025-09-16 19:06:05.618 [info] Extension installed successfully: pkief.material-icon-theme vscode-userdata:/home/william/.vscode-oss/extensions/extensions.json
2025-09-16 19:06:10.097 [info] Extracted extension to file:///home/william/.vscode-oss/extensions/ms-dotnettools.csharp-2.90.60-linux-x64: ms-dotnettools.csharp
2025-09-16 19:06:10.129 [info] Renamed to /home/william/.vscode-oss/extensions/ms-dotnettools.csharp-2.90.60-linux-x64
2025-09-16 19:06:10.205 [info] Extension installed successfully: ms-dotnettools.vscode-dotnet-runtime vscode-userdata:/home/william/.vscode-oss/extensions/extensions.json
2025-09-16 19:06:10.205 [info] Extension installed successfully: ms-dotnettools.csharp vscode-userdata:/home/william/.vscode-oss/extensions/extensions.json
2025-09-16 19:06:13.844 [info] Getting Manifest... ecmel.vscode-html-css
2025-09-16 19:06:13.909 [info] Installing extension: ecmel.vscode-html-css {"isMachineScoped":false,"installPreReleaseVersion":false,"pinned":false,"profileLocation":{"$mid":1,"external":"vscode-userdata:/home/william/.vscode-oss/extensions/extensions.json","path":"/home/william/.vscode-oss/extensions/extensions.json","scheme":"vscode-userdata"},"isApplicationScoped":false,"productVersion":{"version":"1.100.3","date":"2025-07-19T16:51:29.935Z"}}
2025-09-16 19:06:14.127 [error] Could not load vsce-sign module Cannot find package '@vscode/vsce-sign' imported from /usr/lib/code-oss/resources/app/out/vs/code/electron-utility/sharedProcess/sharedProcessMain.js
2025-09-16 19:06:14.127 [info] Extension signature verification is not done: ecmel.vscode-html-css
2025-09-16 19:06:14.129 [error] Error while installing the extension ecmel.vscode-html-css Signature verification was not executed. vscode-userdata:/home/william/.vscode-oss/extensions/extensions.json
2025-09-16 19:06:14.130 [error] [uncaught exception in sharedProcess]: Signature verification was not executed.: SignatureVerificationInternal: Signature verification was not executed.
    at yh.xb (file:///usr/lib/code-oss/resources/app/out/vs/code/electron-utility/sharedProcess/sharedProcessMain.js:74:63971)
    at async yh.wb (file:///usr/lib/code-oss/resources/app/out/vs/code/electron-utility/sharedProcess/sharedProcessMain.js:74:62886)
2025-09-16 19:06:15.117 [info] Getting Manifest... ecmel.vscode-html-css
2025-09-16 19:06:15.134 [info] Installing extension: ecmel.vscode-html-css {"isMachineScoped":false,"installPreReleaseVersion":false,"pinned":false,"donotVerifySignature":true,"profileLocation":{"$mid":1,"external":"vscode-userdata:/home/william/.vscode-oss/extensions/extensions.json","path":"/home/william/.vscode-oss/extensions/extensions.json","scheme":"vscode-userdata"},"isApplicationScoped":false,"productVersion":{"version":"1.100.3","date":"2025-07-19T16:51:29.935Z"}}
2025-09-16 19:06:15.271 [info] Extracted extension to file:///home/william/.vscode-oss/extensions/ecmel.vscode-html-css-2.0.13: ecmel.vscode-html-css
2025-09-16 19:06:15.274 [info] Renamed to /home/william/.vscode-oss/extensions/ecmel.vscode-html-css-2.0.13
2025-09-16 19:06:15.291 [info] Extension installed successfully: ecmel.vscode-html-css vscode-userdata:/home/william/.vscode-oss/extensions/extensions.json
2025-09-16 19:06:20.045 [info] Getting Manifest... golang.go
2025-09-16 19:06:20.109 [info] Installing extension: golang.go {"isMachineScoped":false,"installPreReleaseVersion":false,"pinned":false,"profileLocation":{"$mid":1,"external":"vscode-userdata:/home/william/.vscode-oss/extensions/extensions.json","path":"/home/william/.vscode-oss/extensions/extensions.json","scheme":"vscode-userdata"},"isApplicationScoped":false,"productVersion":{"version":"1.100.3","date":"2025-07-19T16:51:29.935Z"}}
2025-09-16 19:06:20.312 [error] Could not load vsce-sign module Cannot find package '@vscode/vsce-sign' imported from /usr/lib/code-oss/resources/app/out/vs/code/electron-utility/sharedProcess/sharedProcessMain.js
2025-09-16 19:06:20.312 [info] Extension signature verification is not done: golang.go
2025-09-16 19:06:20.313 [error] Error while installing the extension golang.go Signature verification was not executed. vscode-userdata:/home/william/.vscode-oss/extensions/extensions.json
2025-09-16 19:06:20.313 [error] [uncaught exception in sharedProcess]: Signature verification was not executed.: SignatureVerificationInternal: Signature verification was not executed.
    at yh.xb (file:///usr/lib/code-oss/resources/app/out/vs/code/electron-utility/sharedProcess/sharedProcessMain.js:74:63971)
    at async yh.wb (file:///usr/lib/code-oss/resources/app/out/vs/code/electron-utility/sharedProcess/sharedProcessMain.js:74:62886)
2025-09-16 19:06:21.328 [info] Getting Manifest... golang.go
2025-09-16 19:06:21.368 [info] Installing extension: golang.go {"isMachineScoped":false,"installPreReleaseVersion":false,"pinned":false,"donotVerifySignature":true,"profileLocation":{"$mid":1,"external":"vscode-userdata:/home/william/.vscode-oss/extensions/extensions.json","path":"/home/william/.vscode-oss/extensions/extensions.json","scheme":"vscode-userdata"},"isApplicationScoped":false,"productVersion":{"version":"1.100.3","date":"2025-07-19T16:51:29.935Z"}}
2025-09-16 19:06:21.543 [info] Extracted extension to file:///home/william/.vscode-oss/extensions/golang.go-0.50.0: golang.go
2025-09-16 19:06:21.550 [info] Renamed to /home/william/.vscode-oss/extensions/golang.go-0.50.0
2025-09-16 19:06:21.581 [info] Extension installed successfully: golang.go vscode-userdata:/home/william/.vscode-oss/extensions/extensions.json
2025-09-16 19:06:47.334 [info] Getting Manifest... devsense.phptools-vscode
2025-09-16 19:06:47.403 [info] Installing extension: devsense.phptools-vscode {"isMachineScoped":false,"installPreReleaseVersion":false,"pinned":false,"profileLocation":{"$mid":1,"external":"vscode-userdata:/home/william/.vscode-oss/extensions/extensions.json","path":"/home/william/.vscode-oss/extensions/extensions.json","scheme":"vscode-userdata"},"isApplicationScoped":false,"productVersion":{"version":"1.100.3","date":"2025-07-19T16:51:29.935Z"}}
2025-09-16 19:06:47.609 [info] Getting Manifest... devsense.composer-php-vscode
2025-09-16 19:06:47.638 [info] Getting Manifest... devsense.profiler-php-vscode
2025-09-16 19:06:47.653 [info] Getting Manifest... devsense.intelli-php-vscode
2025-09-16 19:06:47.701 [info] Installing extension: devsense.composer-php-vscode {"isMachineScoped":false,"installPreReleaseVersion":false,"pinned":false,"profileLocation":{"$mid":1,"external":"vscode-userdata:/home/william/.vscode-oss/extensions/extensions.json","path":"/home/william/.vscode-oss/extensions/extensions.json","scheme":"vscode-userdata"},"isApplicationScoped":false,"productVersion":{"version":"1.100.3","date":"2025-07-19T16:51:29.935Z"},"installGivenVersion":false,"context":{"dependecyOrPackExtensionInstall":true}}
2025-09-16 19:06:47.701 [info] Installing extension: devsense.profiler-php-vscode {"isMachineScoped":false,"installPreReleaseVersion":false,"pinned":false,"profileLocation":{"$mid":1,"external":"vscode-userdata:/home/william/.vscode-oss/extensions/extensions.json","path":"/home/william/.vscode-oss/extensions/extensions.json","scheme":"vscode-userdata"},"isApplicationScoped":false,"productVersion":{"version":"1.100.3","date":"2025-07-19T16:51:29.935Z"},"installGivenVersion":false,"context":{"dependecyOrPackExtensionInstall":true}}
2025-09-16 19:06:47.702 [info] Installing extension: devsense.intelli-php-vscode {"isMachineScoped":false,"installPreReleaseVersion":false,"pinned":false,"profileLocation":{"$mid":1,"external":"vscode-userdata:/home/william/.vscode-oss/extensions/extensions.json","path":"/home/william/.vscode-oss/extensions/extensions.json","scheme":"vscode-userdata"},"isApplicationScoped":false,"productVersion":{"version":"1.100.3","date":"2025-07-19T16:51:29.935Z"},"installGivenVersion":false,"context":{"dependecyOrPackExtensionInstall":true}}
2025-09-16 19:06:47.918 [error] Could not load vsce-sign module Cannot find package '@vscode/vsce-sign' imported from /usr/lib/code-oss/resources/app/out/vs/code/electron-utility/sharedProcess/sharedProcessMain.js
2025-09-16 19:06:47.918 [info] Extension signature verification is not done: devsense.composer-php-vscode
2025-09-16 19:06:47.923 [error] Error while installing the extension devsense.composer-php-vscode Signature verification was not executed. vscode-userdata:/home/william/.vscode-oss/extensions/extensions.json
2025-09-16 19:06:47.923 [error] [uncaught exception in sharedProcess]: Signature verification was not executed.: SignatureVerificationInternal: Signature verification was not executed.
    at yh.xb (file:///usr/lib/code-oss/resources/app/out/vs/code/electron-utility/sharedProcess/sharedProcessMain.js:74:63971)
    at async yh.wb (file:///usr/lib/code-oss/resources/app/out/vs/code/electron-utility/sharedProcess/sharedProcessMain.js:74:62886)
2025-09-16 19:06:47.954 [error] Could not load vsce-sign module Cannot find package '@vscode/vsce-sign' imported from /usr/lib/code-oss/resources/app/out/vs/code/electron-utility/sharedProcess/sharedProcessMain.js
2025-09-16 19:06:47.955 [info] Extension signature verification is not done: devsense.profiler-php-vscode
2025-09-16 19:06:47.957 [error] Error while installing the extension devsense.profiler-php-vscode Signature verification was not executed. vscode-userdata:/home/william/.vscode-oss/extensions/extensions.json
2025-09-16 19:06:47.957 [error] [uncaught exception in sharedProcess]: Signature verification was not executed.: SignatureVerificationInternal: Signature verification was not executed.
    at yh.xb (file:///usr/lib/code-oss/resources/app/out/vs/code/electron-utility/sharedProcess/sharedProcessMain.js:74:63971)
    at async yh.wb (file:///usr/lib/code-oss/resources/app/out/vs/code/electron-utility/sharedProcess/sharedProcessMain.js:74:62886)
2025-09-16 19:06:48.267 [error] Could not load vsce-sign module Cannot find package '@vscode/vsce-sign' imported from /usr/lib/code-oss/resources/app/out/vs/code/electron-utility/sharedProcess/sharedProcessMain.js
2025-09-16 19:06:48.267 [info] Extension signature verification is not done: devsense.phptools-vscode
2025-09-16 19:06:48.275 [error] Error while installing the extension devsense.phptools-vscode Signature verification was not executed. vscode-userdata:/home/william/.vscode-oss/extensions/extensions.json
2025-09-16 19:06:48.275 [error] [uncaught exception in sharedProcess]: Signature verification was not executed.: SignatureVerificationInternal: Signature verification was not executed.
    at yh.xb (file:///usr/lib/code-oss/resources/app/out/vs/code/electron-utility/sharedProcess/sharedProcessMain.js:74:63971)
    at async yh.wb (file:///usr/lib/code-oss/resources/app/out/vs/code/electron-utility/sharedProcess/sharedProcessMain.js:74:62886)
2025-09-16 19:06:49.252 [error] Could not load vsce-sign module Cannot find package '@vscode/vsce-sign' imported from /usr/lib/code-oss/resources/app/out/vs/code/electron-utility/sharedProcess/sharedProcessMain.js
2025-09-16 19:06:49.252 [info] Extension signature verification is not done: devsense.intelli-php-vscode
2025-09-16 19:06:49.253 [error] Error while installing the extension devsense.intelli-php-vscode Signature verification was not executed. vscode-userdata:/home/william/.vscode-oss/extensions/extensions.json
2025-09-16 19:06:49.254 [error] [uncaught exception in sharedProcess]: Signature verification was not executed.: SignatureVerificationInternal: Signature verification was not executed.
    at yh.xb (file:///usr/lib/code-oss/resources/app/out/vs/code/electron-utility/sharedProcess/sharedProcessMain.js:74:63971)
    at async yh.wb (file:///usr/lib/code-oss/resources/app/out/vs/code/electron-utility/sharedProcess/sharedProcessMain.js:74:62886)
2025-09-16 19:06:55.959 [info] Getting Manifest... devsense.phptools-vscode
2025-09-16 19:06:55.989 [info] Installing extension: devsense.phptools-vscode {"isMachineScoped":false,"installPreReleaseVersion":false,"pinned":false,"donotVerifySignature":true,"profileLocation":{"$mid":1,"external":"vscode-userdata:/home/william/.vscode-oss/extensions/extensions.json","path":"/home/william/.vscode-oss/extensions/extensions.json","scheme":"vscode-userdata"},"isApplicationScoped":false,"productVersion":{"version":"1.100.3","date":"2025-07-19T16:51:29.935Z"}}
2025-09-16 19:06:56.212 [info] Getting Manifest... devsense.composer-php-vscode
2025-09-16 19:06:56.223 [info] Getting Manifest... devsense.profiler-php-vscode
2025-09-16 19:06:56.234 [info] Getting Manifest... devsense.intelli-php-vscode
2025-09-16 19:06:56.283 [info] Installing extension: devsense.composer-php-vscode {"isMachineScoped":false,"installPreReleaseVersion":false,"pinned":false,"donotVerifySignature":true,"profileLocation":{"$mid":1,"external":"vscode-userdata:/home/william/.vscode-oss/extensions/extensions.json","path":"/home/william/.vscode-oss/extensions/extensions.json","scheme":"vscode-userdata"},"isApplicationScoped":false,"productVersion":{"version":"1.100.3","date":"2025-07-19T16:51:29.935Z"},"installGivenVersion":false,"context":{"dependecyOrPackExtensionInstall":true}}
2025-09-16 19:06:56.283 [info] Installing extension: devsense.profiler-php-vscode {"isMachineScoped":false,"installPreReleaseVersion":false,"pinned":false,"donotVerifySignature":true,"profileLocation":{"$mid":1,"external":"vscode-userdata:/home/william/.vscode-oss/extensions/extensions.json","path":"/home/william/.vscode-oss/extensions/extensions.json","scheme":"vscode-userdata"},"isApplicationScoped":false,"productVersion":{"version":"1.100.3","date":"2025-07-19T16:51:29.935Z"},"installGivenVersion":false,"context":{"dependecyOrPackExtensionInstall":true}}
2025-09-16 19:06:56.283 [info] Installing extension: devsense.intelli-php-vscode {"isMachineScoped":false,"installPreReleaseVersion":false,"pinned":false,"donotVerifySignature":true,"profileLocation":{"$mid":1,"external":"vscode-userdata:/home/william/.vscode-oss/extensions/extensions.json","path":"/home/william/.vscode-oss/extensions/extensions.json","scheme":"vscode-userdata"},"isApplicationScoped":false,"productVersion":{"version":"1.100.3","date":"2025-07-19T16:51:29.935Z"},"installGivenVersion":false,"context":{"dependecyOrPackExtensionInstall":true}}
2025-09-16 19:06:56.408 [info] Extracted extension to file:///home/william/.vscode-oss/extensions/devsense.composer-php-vscode-1.60.17873: devsense.composer-php-vscode
2025-09-16 19:06:56.411 [info] Renamed to /home/william/.vscode-oss/extensions/devsense.composer-php-vscode-1.60.17873
2025-09-16 19:06:56.419 [info] Extracted extension to file:///home/william/.vscode-oss/extensions/devsense.profiler-php-vscode-1.60.17873: devsense.profiler-php-vscode
2025-09-16 19:06:56.442 [info] Renamed to /home/william/.vscode-oss/extensions/devsense.profiler-php-vscode-1.60.17873
2025-09-16 19:06:57.107 [info] Extracted extension to file:///home/william/.vscode-oss/extensions/devsense.phptools-vscode-1.60.17873-linux-x64: devsense.phptools-vscode
2025-09-16 19:06:57.112 [info] Renamed to /home/william/.vscode-oss/extensions/devsense.phptools-vscode-1.60.17873-linux-x64
2025-09-16 19:06:58.858 [info] Extracted extension to file:///home/william/.vscode-oss/extensions/devsense.intelli-php-vscode-0.12.17700-linux-x64: devsense.intelli-php-vscode
2025-09-16 19:06:58.862 [info] Renamed to /home/william/.vscode-oss/extensions/devsense.intelli-php-vscode-0.12.17700-linux-x64
2025-09-16 19:06:58.908 [info] Extension installed successfully: devsense.composer-php-vscode vscode-userdata:/home/william/.vscode-oss/extensions/extensions.json
2025-09-16 19:06:58.908 [info] Extension installed successfully: devsense.profiler-php-vscode vscode-userdata:/home/william/.vscode-oss/extensions/extensions.json
2025-09-16 19:06:58.908 [info] Extension installed successfully: devsense.phptools-vscode vscode-userdata:/home/william/.vscode-oss/extensions/extensions.json
2025-09-16 19:06:58.908 [info] Extension installed successfully: devsense.intelli-php-vscode vscode-userdata:/home/william/.vscode-oss/extensions/extensions.json
